FATAL [main] 2012-03-05 17:56:55,599 repast.simphony.batch.BatchMain - Fatal error starting repast.simphony simphony.
repast.simphony.parameter.IllegalParameterException: Parameter 'agent_count' not found in the schema.
	at repast.simphony.parameter.DefaultParameters.getValue(DefaultParameters.java:186)
	at internetz.InternetzCtx.<init>(InternetzCtx.java:40)
	at sun.reflect.NativeConstructorAccessorImpl.newInstance0(Native Method)
	at sun.reflect.NativeConstructorAccessorImpl.newInstance(NativeConstructorAccessorImpl.java:39)
	at sun.reflect.DelegatingConstructorAccessorImpl.newInstance(DelegatingConstructorAccessorImpl.java:27)
	at java.lang.reflect.Constructor.newInstance(Constructor.java:513)
	at java.lang.Class.newInstance0(Class.java:355)
	at java.lang.Class.newInstance(Class.java:308)
	at repast.simphony.dataLoader.engine.DataLoaderControllerAction.createContext(DataLoaderControllerAction.java:90)
	at repast.simphony.dataLoader.engine.DataLoaderControllerAction.runInitialize(DataLoaderControllerAction.java:43)
	at repast.simphony.engine.controller.DefaultController$2.visit(DefaultController.java:179)
	at repast.simphony.engine.controller.DefaultController$2.visit(DefaultController.java:1)
	at repast.simphony.util.collections.NaryTree.preOrderTraverals(NaryTree.java:287)
	at repast.simphony.util.collections.NaryTree.preOrderTraverals(NaryTree.java:290)
	at repast.simphony.util.collections.NaryTree.preOrderTraverals(NaryTree.java:290)
	at repast.simphony.util.collections.NaryTree.preOrderTraversal(NaryTree.java:283)
	at repast.simphony.engine.controller.DefaultController.runInitialize(DefaultController.java:177)
	at repast.simphony.engine.controller.DefaultController.runInitialize(DefaultController.java:335)
	at repast.simphony.batch.BatchRunner.run(BatchRunner.java:177)
	at repast.simphony.batch.BatchRunner.run(BatchRunner.java:106)
	at repast.simphony.batch.BatchMain.run(BatchMain.java:128)
	at repast.simphony.batch.BatchMain.main(BatchMain.java:256)
