2012-01-06 16:11:55,936 - Loaded System Directive: org.apache.velocity.runtime.directive.Macro
2012-01-06 16:11:55,941 - Loaded System Directive: org.apache.velocity.runtime.directive.Parse
2012-01-06 16:11:55,945 - Loaded System Directive: org.apache.velocity.runtime.directive.Include
2012-01-06 16:11:55,946 - Loaded System Directive: org.apache.velocity.runtime.directive.Foreach
2012-01-06 16:11:55,996 - Created: 20 parsers.
2012-01-06 16:11:56,011 - Velocimacro : initialization starting.
2012-01-06 16:11:56,011 - Velocimacro : adding VMs from VM library template : VM_global_library.vm
2012-01-06 16:11:56,019 - ResourceManager : unable to find resource 'VM_global_library.vm' in any resource loader.
2012-01-06 16:11:56,019 - Velocimacro : error using  VM library template VM_global_library.vm : org.apache.velocity.exception.ResourceNotFoundException: Unable to find resource 'VM_global_library.vm'
2012-01-06 16:11:56,019 - Velocimacro :  VM library template macro registration complete.
2012-01-06 16:11:56,019 - Velocimacro : allowInline = true : VMs can be defined inline in templates
2012-01-06 16:11:56,019 - Velocimacro : allowInlineToOverride = false : VMs defined inline may NOT replace previous VM definitions
2012-01-06 16:11:56,019 - Velocimacro : allowInlineLocal = false : VMs defined inline will be  global in scope if allowed.
2012-01-06 16:11:56,019 - Velocimacro : messages on  : VM system will output logging messages
2012-01-06 16:11:56,020 - Velocimacro : autoload off  : VM system will not automatically reload global library macros
2012-01-06 16:11:56,020 - Velocimacro : initialization complete.
2012-01-06 16:11:56,020 - Velocity successfully started.
2012-01-06 16:23:57,343 - SimpleLog4JLogSystem initialized using logfile 'velocity.log'
2012-01-06 16:23:57,344 - ************************************************************** 
2012-01-06 16:23:57,344 - Starting Jakarta Velocity v1.4
2012-01-06 16:23:57,344 - RuntimeInstance initializing.
2012-01-06 16:23:57,344 - Default Properties File: org/apache/velocity/runtime/defaults/velocity.properties
2012-01-06 16:23:57,344 - Trying to use logger class org.apache.velocity.runtime.log.SimpleLog4JLogSystem
2012-01-06 16:23:57,344 - Using logger class org.apache.velocity.runtime.log.SimpleLog4JLogSystem
2012-01-06 16:23:57,351 - Default ResourceManager initializing. (class org.apache.velocity.runtime.resource.ResourceManagerImpl)
2012-01-06 16:23:57,376 - Resource Loader Instantiated: org.apache.velocity.runtime.resource.loader.ClasspathResourceLoader
2012-01-06 16:23:57,376 - ClasspathResourceLoader : initialization starting.
2012-01-06 16:23:57,376 - ClasspathResourceLoader : initialization complete.
2012-01-06 16:23:57,379 - ResourceCache : initialized. (class org.apache.velocity.runtime.resource.ResourceCacheImpl)
2012-01-06 16:23:57,379 - Default ResourceManager initialization complete.
2012-01-06 16:23:57,383 - Loaded System Directive: org.apache.velocity.runtime.directive.Literal
2012-01-06 16:23:57,386 - Loaded System Directive: org.apache.velocity.runtime.directive.Macro
2012-01-06 16:23:57,391 - Loaded System Directive: org.apache.velocity.runtime.directive.Parse
2012-01-06 16:23:57,394 - Loaded System Directive: org.apache.velocity.runtime.directive.Include
2012-01-06 16:23:57,396 - Loaded System Directive: org.apache.velocity.runtime.directive.Foreach
2012-01-06 16:23:57,484 - Created: 20 parsers.
2012-01-06 16:23:57,498 - Velocimacro : initialization starting.
2012-01-06 16:23:57,499 - Velocimacro : adding VMs from VM library template : VM_global_library.vm
2012-01-06 16:23:57,509 - ResourceManager : unable to find resource 'VM_global_library.vm' in any resource loader.
2012-01-06 16:23:57,509 - Velocimacro : error using  VM library template VM_global_library.vm : org.apache.velocity.exception.ResourceNotFoundException: Unable to find resource 'VM_global_library.vm'
2012-01-06 16:23:57,509 - Velocimacro :  VM library template macro registration complete.
2012-01-06 16:23:57,509 - Velocimacro : allowInline = true : VMs can be defined inline in templates
2012-01-06 16:23:57,509 - Velocimacro : allowInlineToOverride = false : VMs defined inline may NOT replace previous VM definitions
2012-01-06 16:23:57,509 - Velocimacro : allowInlineLocal = false : VMs defined inline will be  global in scope if allowed.
2012-01-06 16:23:57,509 - Velocimacro : messages on  : VM system will output logging messages
2012-01-06 16:23:57,509 - Velocimacro : autoload off  : VM system will not automatically reload global library macros
2012-01-06 16:23:57,509 - Velocimacro : initialization complete.
2012-01-06 16:23:57,509 - Velocity successfully started.
2012-01-06 16:36:45,307 - SimpleLog4JLogSystem initialized using logfile 'velocity.log'
2012-01-06 16:36:45,307 - ************************************************************** 
2012-01-06 16:36:45,307 - Starting Jakarta Velocity v1.4
2012-01-06 16:36:45,307 - RuntimeInstance initializing.
2012-01-06 16:36:45,307 - Default Properties File: org/apache/velocity/runtime/defaults/velocity.properties
2012-01-06 16:36:45,307 - Trying to use logger class org.apache.velocity.runtime.log.SimpleLog4JLogSystem
2012-01-06 16:36:45,307 - Using logger class org.apache.velocity.runtime.log.SimpleLog4JLogSystem
2012-01-06 16:36:45,313 - Default ResourceManager initializing. (class org.apache.velocity.runtime.resource.ResourceManagerImpl)
2012-01-06 16:36:45,352 - Resource Loader Instantiated: org.apache.velocity.runtime.resource.loader.ClasspathResourceLoader
2012-01-06 16:36:45,352 - ClasspathResourceLoader : initialization starting.
2012-01-06 16:36:45,352 - ClasspathResourceLoader : initialization complete.
2012-01-06 16:36:45,355 - ResourceCache : initialized. (class org.apache.velocity.runtime.resource.ResourceCacheImpl)
2012-01-06 16:36:45,355 - Default ResourceManager initialization complete.
2012-01-06 16:36:45,358 - Loaded System Directive: org.apache.velocity.runtime.directive.Literal
2012-01-06 16:36:45,362 - Loaded System Directive: org.apache.velocity.runtime.directive.Macro
2012-01-06 16:36:45,367 - Loaded System Directive: org.apache.velocity.runtime.directive.Parse
2012-01-06 16:36:45,387 - Loaded System Directive: org.apache.velocity.runtime.directive.Include
2012-01-06 16:36:45,389 - Loaded System Directive: org.apache.velocity.runtime.directive.Foreach
2012-01-06 16:36:45,468 - Created: 20 parsers.
2012-01-06 16:36:45,484 - Velocimacro : initialization starting.
2012-01-06 16:36:45,484 - Velocimacro : adding VMs from VM library template : VM_global_library.vm
2012-01-06 16:36:45,492 - ResourceManager : unable to find resource 'VM_global_library.vm' in any resource loader.
2012-01-06 16:36:45,492 - Velocimacro : error using  VM library template VM_global_library.vm : org.apache.velocity.exception.ResourceNotFoundException: Unable to find resource 'VM_global_library.vm'
2012-01-06 16:36:45,492 - Velocimacro :  VM library template macro registration complete.
2012-01-06 16:36:45,492 - Velocimacro : allowInline = true : VMs can be defined inline in templates
2012-01-06 16:36:45,492 - Velocimacro : allowInlineToOverride = false : VMs defined inline may NOT replace previous VM definitions
2012-01-06 16:36:45,492 - Velocimacro : allowInlineLocal = false : VMs defined inline will be  global in scope if allowed.
2012-01-06 16:36:45,492 - Velocimacro : messages on  : VM system will output logging messages
2012-01-06 16:36:45,492 - Velocimacro : autoload off  : VM system will not automatically reload global library macros
2012-01-06 16:36:45,492 - Velocimacro : initialization complete.
2012-01-06 16:36:45,492 - Velocity successfully started.
2012-01-06 16:40:50,836 - SimpleLog4JLogSystem initialized using logfile 'velocity.log'
2012-01-06 16:40:50,836 - ************************************************************** 
2012-01-06 16:40:50,836 - Starting Jakarta Velocity v1.4
2012-01-06 16:40:50,836 - RuntimeInstance initializing.
2012-01-06 16:40:50,836 - Default Properties File: org/apache/velocity/runtime/defaults/velocity.properties
2012-01-06 16:40:50,836 - Trying to use logger class org.apache.velocity.runtime.log.SimpleLog4JLogSystem
2012-01-06 16:40:50,836 - Using logger class org.apache.velocity.runtime.log.SimpleLog4JLogSystem
2012-01-06 16:40:50,842 - Default ResourceManager initializing. (class org.apache.velocity.runtime.resource.ResourceManagerImpl)
2012-01-06 16:40:50,847 - Resource Loader Instantiated: org.apache.velocity.runtime.resource.loader.ClasspathResourceLoader
2012-01-06 16:40:50,847 - ClasspathResourceLoader : initialization starting.
2012-01-06 16:40:50,847 - ClasspathResourceLoader : initialization complete.
2012-01-06 16:40:50,851 - ResourceCache : initialized. (class org.apache.velocity.runtime.resource.ResourceCacheImpl)
2012-01-06 16:40:50,851 - Default ResourceManager initialization complete.
2012-01-06 16:40:50,854 - Loaded System Directive: org.apache.velocity.runtime.directive.Literal
2012-01-06 16:40:50,857 - Loaded System Directive: org.apache.velocity.runtime.directive.Macro
2012-01-06 16:40:50,862 - Loaded System Directive: org.apache.velocity.runtime.directive.Parse
2012-01-06 16:40:50,865 - Loaded System Directive: org.apache.velocity.runtime.directive.Include
2012-01-06 16:40:50,867 - Loaded System Directive: org.apache.velocity.runtime.directive.Foreach
2012-01-06 16:40:50,909 - Created: 20 parsers.
2012-01-06 16:40:50,933 - Velocimacro : initialization starting.
2012-01-06 16:40:50,934 - Velocimacro : adding VMs from VM library template : VM_global_library.vm
2012-01-06 16:40:50,941 - ResourceManager : unable to find resource 'VM_global_library.vm' in any resource loader.
2012-01-06 16:40:50,942 - Velocimacro : error using  VM library template VM_global_library.vm : org.apache.velocity.exception.ResourceNotFoundException: Unable to find resource 'VM_global_library.vm'
2012-01-06 16:40:50,942 - Velocimacro :  VM library template macro registration complete.
2012-01-06 16:40:50,942 - Velocimacro : allowInline = true : VMs can be defined inline in templates
2012-01-06 16:40:50,942 - Velocimacro : allowInlineToOverride = false : VMs defined inline may NOT replace previous VM definitions
2012-01-06 16:40:50,942 - Velocimacro : allowInlineLocal = false : VMs defined inline will be  global in scope if allowed.
2012-01-06 16:40:50,942 - Velocimacro : messages on  : VM system will output logging messages
2012-01-06 16:40:50,942 - Velocimacro : autoload off  : VM system will not automatically reload global library macros
2012-01-06 16:40:50,942 - Velocimacro : initialization complete.
2012-01-06 16:40:50,942 - Velocity successfully started.
2012-01-06 16:47:50,348 - SimpleLog4JLogSystem initialized using logfile 'velocity.log'
2012-01-06 16:47:50,369 - ************************************************************** 
2012-01-06 16:47:50,370 - Starting Jakarta Velocity v1.4
2012-01-06 16:47:50,370 - RuntimeInstance initializing.
2012-01-06 16:47:50,370 - Default Properties File: org/apache/velocity/runtime/defaults/velocity.properties
2012-01-06 16:47:50,370 - Trying to use logger class org.apache.velocity.runtime.log.SimpleLog4JLogSystem
2012-01-06 16:47:50,370 - Using logger class org.apache.velocity.runtime.log.SimpleLog4JLogSystem
2012-01-06 16:47:50,379 - Default ResourceManager initializing. (class org.apache.velocity.runtime.resource.ResourceManagerImpl)
2012-01-06 16:47:50,386 - Resource Loader Instantiated: org.apache.velocity.runtime.resource.loader.ClasspathResourceLoader
2012-01-06 16:47:50,386 - ClasspathResourceLoader : initialization starting.
2012-01-06 16:47:50,386 - ClasspathResourceLoader : initialization complete.
2012-01-06 16:47:50,389 - ResourceCache : initialized. (class org.apache.velocity.runtime.resource.ResourceCacheImpl)
2012-01-06 16:47:50,389 - Default ResourceManager initialization complete.
2012-01-06 16:47:50,393 - Loaded System Directive: org.apache.velocity.runtime.directive.Literal
2012-01-06 16:47:50,396 - Loaded System Directive: org.apache.velocity.runtime.directive.Macro
2012-01-06 16:47:50,401 - Loaded System Directive: org.apache.velocity.runtime.directive.Parse
2012-01-06 16:47:50,405 - Loaded System Directive: org.apache.velocity.runtime.directive.Include
2012-01-06 16:47:50,406 - Loaded System Directive: org.apache.velocity.runtime.directive.Foreach
2012-01-06 16:47:50,488 - Created: 20 parsers.
2012-01-06 16:47:50,505 - Velocimacro : initialization starting.
2012-01-06 16:47:50,505 - Velocimacro : adding VMs from VM library template : VM_global_library.vm
2012-01-06 16:47:50,513 - ResourceManager : unable to find resource 'VM_global_library.vm' in any resource loader.
2012-01-06 16:47:50,513 - Velocimacro : error using  VM library template VM_global_library.vm : org.apache.velocity.exception.ResourceNotFoundException: Unable to find resource 'VM_global_library.vm'
2012-01-06 16:47:50,513 - Velocimacro :  VM library template macro registration complete.
2012-01-06 16:47:50,513 - Velocimacro : allowInline = true : VMs can be defined inline in templates
2012-01-06 16:47:50,513 - Velocimacro : allowInlineToOverride = false : VMs defined inline may NOT replace previous VM definitions
2012-01-06 16:47:50,513 - Velocimacro : allowInlineLocal = false : VMs defined inline will be  global in scope if allowed.
2012-01-06 16:47:50,513 - Velocimacro : messages on  : VM system will output logging messages
2012-01-06 16:47:50,513 - Velocimacro : autoload off  : VM system will not automatically reload global library macros
2012-01-06 16:47:50,513 - Velocimacro : initialization complete.
2012-01-06 16:47:50,513 - Velocity successfully started.
2012-01-06 16:49:53,412 - SimpleLog4JLogSystem initialized using logfile 'velocity.log'
2012-01-06 16:49:53,443 - ************************************************************** 
2012-01-06 16:49:53,443 - Starting Jakarta Velocity v1.4
2012-01-06 16:49:53,443 - RuntimeInstance initializing.
2012-01-06 16:49:53,443 - Default Properties File: org/apache/velocity/runtime/defaults/velocity.properties
2012-01-06 16:49:53,443 - Trying to use logger class org.apache.velocity.runtime.log.SimpleLog4JLogSystem
2012-01-06 16:49:53,443 - Using logger class org.apache.velocity.runtime.log.SimpleLog4JLogSystem
2012-01-06 16:49:53,449 - Default ResourceManager initializing. (class org.apache.velocity.runtime.resource.ResourceManagerImpl)
2012-01-06 16:49:53,454 - Resource Loader Instantiated: org.apache.velocity.runtime.resource.loader.ClasspathResourceLoader
2012-01-06 16:49:53,454 - ClasspathResourceLoader : initialization starting.
2012-01-06 16:49:53,454 - ClasspathResourceLoader : initialization complete.
2012-01-06 16:49:53,458 - ResourceCache : initialized. (class org.apache.velocity.runtime.resource.ResourceCacheImpl)
2012-01-06 16:49:53,459 - Default ResourceManager initialization complete.
2012-01-06 16:49:53,464 - Loaded System Directive: org.apache.velocity.runtime.directive.Literal
2012-01-06 16:49:53,468 - Loaded System Directive: org.apache.velocity.runtime.directive.Macro
2012-01-06 16:49:53,472 - Loaded System Directive: org.apache.velocity.runtime.directive.Parse
2012-01-06 16:49:53,476 - Loaded System Directive: org.apache.velocity.runtime.directive.Include
2012-01-06 16:49:53,477 - Loaded System Directive: org.apache.velocity.runtime.directive.Foreach
2012-01-06 16:49:53,521 - Created: 20 parsers.
2012-01-06 16:49:53,538 - Velocimacro : initialization starting.
2012-01-06 16:49:53,538 - Velocimacro : adding VMs from VM library template : VM_global_library.vm
2012-01-06 16:49:53,546 - ResourceManager : unable to find resource 'VM_global_library.vm' in any resource loader.
2012-01-06 16:49:53,546 - Velocimacro : error using  VM library template VM_global_library.vm : org.apache.velocity.exception.ResourceNotFoundException: Unable to find resource 'VM_global_library.vm'
2012-01-06 16:49:53,546 - Velocimacro :  VM library template macro registration complete.
2012-01-06 16:49:53,546 - Velocimacro : allowInline = true : VMs can be defined inline in templates
2012-01-06 16:49:53,546 - Velocimacro : allowInlineToOverride = false : VMs defined inline may NOT replace previous VM definitions
2012-01-06 16:49:53,546 - Velocimacro : allowInlineLocal = false : VMs defined inline will be  global in scope if allowed.
2012-01-06 16:49:53,546 - Velocimacro : messages on  : VM system will output logging messages
2012-01-06 16:49:53,546 - Velocimacro : autoload off  : VM system will not automatically reload global library macros
2012-01-06 16:49:53,546 - Velocimacro : initialization complete.
2012-01-06 16:49:53,546 - Velocity successfully started.
2012-01-06 17:48:56,874 - SimpleLog4JLogSystem initialized using logfile 'velocity.log'
2012-01-06 17:48:56,874 - ************************************************************** 
2012-01-06 17:48:56,874 - Starting Jakarta Velocity v1.4
2012-01-06 17:48:56,874 - RuntimeInstance initializing.
2012-01-06 17:48:56,874 - Default Properties File: org/apache/velocity/runtime/defaults/velocity.properties
2012-01-06 17:48:56,874 - Trying to use logger class org.apache.velocity.runtime.log.SimpleLog4JLogSystem
2012-01-06 17:48:56,874 - Using logger class org.apache.velocity.runtime.log.SimpleLog4JLogSystem
2012-01-06 17:48:56,881 - Default ResourceManager initializing. (class org.apache.velocity.runtime.resource.ResourceManagerImpl)
2012-01-06 17:48:56,885 - Resource Loader Instantiated: org.apache.velocity.runtime.resource.loader.ClasspathResourceLoader
2012-01-06 17:48:56,885 - ClasspathResourceLoader : initialization starting.
2012-01-06 17:48:56,885 - ClasspathResourceLoader : initialization complete.
2012-01-06 17:48:56,892 - ResourceCache : initialized. (class org.apache.velocity.runtime.resource.ResourceCacheImpl)
2012-01-06 17:48:56,892 - Default ResourceManager initialization complete.
2012-01-06 17:48:56,895 - Loaded System Directive: org.apache.velocity.runtime.directive.Literal
2012-01-06 17:48:56,898 - Loaded System Directive: org.apache.velocity.runtime.directive.Macro
2012-01-06 17:48:56,901 - Loaded System Directive: org.apache.velocity.runtime.directive.Parse
2012-01-06 17:48:56,904 - Loaded System Directive: org.apache.velocity.runtime.directive.Include
2012-01-06 17:48:56,905 - Loaded System Directive: org.apache.velocity.runtime.directive.Foreach
2012-01-06 17:48:56,936 - Created: 20 parsers.
2012-01-06 17:48:56,948 - Velocimacro : initialization starting.
2012-01-06 17:48:56,948 - Velocimacro : adding VMs from VM library template : VM_global_library.vm
2012-01-06 17:48:56,954 - ResourceManager : unable to find resource 'VM_global_library.vm' in any resource loader.
2012-01-06 17:48:56,954 - Velocimacro : error using  VM library template VM_global_library.vm : org.apache.velocity.exception.ResourceNotFoundException: Unable to find resource 'VM_global_library.vm'
2012-01-06 17:48:56,954 - Velocimacro :  VM library template macro registration complete.
2012-01-06 17:48:56,954 - Velocimacro : allowInline = true : VMs can be defined inline in templates
2012-01-06 17:48:56,954 - Velocimacro : allowInlineToOverride = false : VMs defined inline may NOT replace previous VM definitions
2012-01-06 17:48:56,954 - Velocimacro : allowInlineLocal = false : VMs defined inline will be  global in scope if allowed.
2012-01-06 17:48:56,954 - Velocimacro : messages on  : VM system will output logging messages
2012-01-06 17:48:56,954 - Velocimacro : autoload off  : VM system will not automatically reload global library macros
2012-01-06 17:48:56,954 - Velocimacro : initialization complete.
2012-01-06 17:48:56,954 - Velocity successfully started.
2012-01-06 17:50:52,199 - SimpleLog4JLogSystem initialized using logfile 'velocity.log'
2012-01-06 17:50:52,199 - ************************************************************** 
2012-01-06 17:50:52,199 - Starting Jakarta Velocity v1.4
2012-01-06 17:50:52,199 - RuntimeInstance initializing.
2012-01-06 17:50:52,199 - Default Properties File: org/apache/velocity/runtime/defaults/velocity.properties
2012-01-06 17:50:52,200 - Trying to use logger class org.apache.velocity.runtime.log.SimpleLog4JLogSystem
2012-01-06 17:50:52,200 - Using logger class org.apache.velocity.runtime.log.SimpleLog4JLogSystem
2012-01-06 17:50:52,204 - Default ResourceManager initializing. (class org.apache.velocity.runtime.resource.ResourceManagerImpl)
2012-01-06 17:50:52,208 - Resource Loader Instantiated: org.apache.velocity.runtime.resource.loader.ClasspathResourceLoader
2012-01-06 17:50:52,208 - ClasspathResourceLoader : initialization starting.
2012-01-06 17:50:52,208 - ClasspathResourceLoader : initialization complete.
2012-01-06 17:50:52,211 - ResourceCache : initialized. (class org.apache.velocity.runtime.resource.ResourceCacheImpl)
2012-01-06 17:50:52,211 - Default ResourceManager initialization complete.
2012-01-06 17:50:52,213 - Loaded System Directive: org.apache.velocity.runtime.directive.Literal
2012-01-06 17:50:52,216 - Loaded System Directive: org.apache.velocity.runtime.directive.Macro
2012-01-06 17:50:52,220 - Loaded System Directive: org.apache.velocity.runtime.directive.Parse
2012-01-06 17:50:52,223 - Loaded System Directive: org.apache.velocity.runtime.directive.Include
2012-01-06 17:50:52,224 - Loaded System Directive: org.apache.velocity.runtime.directive.Foreach
2012-01-06 17:50:52,262 - Created: 20 parsers.
2012-01-06 17:50:52,273 - Velocimacro : initialization starting.
2012-01-06 17:50:52,273 - Velocimacro : adding VMs from VM library template : VM_global_library.vm
2012-01-06 17:50:52,279 - ResourceManager : unable to find resource 'VM_global_library.vm' in any resource loader.
2012-01-06 17:50:52,279 - Velocimacro : error using  VM library template VM_global_library.vm : org.apache.velocity.exception.ResourceNotFoundException: Unable to find resource 'VM_global_library.vm'
2012-01-06 17:50:52,279 - Velocimacro :  VM library template macro registration complete.
2012-01-06 17:50:52,279 - Velocimacro : allowInline = true : VMs can be defined inline in templates
2012-01-06 17:50:52,279 - Velocimacro : allowInlineToOverride = false : VMs defined inline may NOT replace previous VM definitions
2012-01-06 17:50:52,279 - Velocimacro : allowInlineLocal = false : VMs defined inline will be  global in scope if allowed.
2012-01-06 17:50:52,279 - Velocimacro : messages on  : VM system will output logging messages
2012-01-06 17:50:52,279 - Velocimacro : autoload off  : VM system will not automatically reload global library macros
2012-01-06 17:50:52,279 - Velocimacro : initialization complete.
2012-01-06 17:50:52,279 - Velocity successfully started.
2012-01-06 18:27:13,697 - SimpleLog4JLogSystem initialized using logfile 'velocity.log'
2012-01-06 18:27:13,744 - ************************************************************** 
2012-01-06 18:27:13,744 - Starting Jakarta Velocity v1.4
2012-01-06 18:27:13,744 - RuntimeInstance initializing.
2012-01-06 18:27:13,744 - Default Properties File: org/apache/velocity/runtime/defaults/velocity.properties
2012-01-06 18:27:13,744 - Trying to use logger class org.apache.velocity.runtime.log.SimpleLog4JLogSystem
2012-01-06 18:27:13,744 - Using logger class org.apache.velocity.runtime.log.SimpleLog4JLogSystem
2012-01-06 18:27:13,751 - Default ResourceManager initializing. (class org.apache.velocity.runtime.resource.ResourceManagerImpl)
2012-01-06 18:27:13,755 - Resource Loader Instantiated: org.apache.velocity.runtime.resource.loader.ClasspathResourceLoader
2012-01-06 18:27:13,755 - ClasspathResourceLoader : initialization starting.
2012-01-06 18:27:13,755 - ClasspathResourceLoader : initialization complete.
2012-01-06 18:27:13,757 - ResourceCache : initialized. (class org.apache.velocity.runtime.resource.ResourceCacheImpl)
2012-01-06 18:27:13,757 - Default ResourceManager initialization complete.
2012-01-06 18:27:13,760 - Loaded System Directive: org.apache.velocity.runtime.directive.Literal
2012-01-06 18:27:13,762 - Loaded System Directive: org.apache.velocity.runtime.directive.Macro
2012-01-06 18:27:13,766 - Loaded System Directive: org.apache.velocity.runtime.directive.Parse
2012-01-06 18:27:13,768 - Loaded System Directive: org.apache.velocity.runtime.directive.Include
2012-01-06 18:27:13,770 - Loaded System Directive: org.apache.velocity.runtime.directive.Foreach
2012-01-06 18:27:13,928 - Created: 20 parsers.
2012-01-06 18:27:14,012 - Velocimacro : initialization starting.
2012-01-06 18:27:14,012 - Velocimacro : adding VMs from VM library template : VM_global_library.vm
2012-01-06 18:27:14,017 - ResourceManager : unable to find resource 'VM_global_library.vm' in any resource loader.
2012-01-06 18:27:14,017 - Velocimacro : error using  VM library template VM_global_library.vm : org.apache.velocity.exception.ResourceNotFoundException: Unable to find resource 'VM_global_library.vm'
2012-01-06 18:27:14,018 - Velocimacro :  VM library template macro registration complete.
2012-01-06 18:27:14,018 - Velocimacro : allowInline = true : VMs can be defined inline in templates
2012-01-06 18:27:14,018 - Velocimacro : allowInlineToOverride = false : VMs defined inline may NOT replace previous VM definitions
2012-01-06 18:27:14,018 - Velocimacro : allowInlineLocal = false : VMs defined inline will be  global in scope if allowed.
2012-01-06 18:27:14,018 - Velocimacro : messages on  : VM system will output logging messages
2012-01-06 18:27:14,018 - Velocimacro : autoload off  : VM system will not automatically reload global library macros
2012-01-06 18:27:14,018 - Velocimacro : initialization complete.
2012-01-06 18:27:14,018 - Velocity successfully started.
2012-01-06 18:49:46,410 - SimpleLog4JLogSystem initialized using logfile 'velocity.log'
2012-01-06 18:49:46,410 - ************************************************************** 
2012-01-06 18:49:46,410 - Starting Jakarta Velocity v1.4
2012-01-06 18:49:46,410 - RuntimeInstance initializing.
2012-01-06 18:49:46,410 - Default Properties File: org/apache/velocity/runtime/defaults/velocity.properties
2012-01-06 18:49:46,410 - Trying to use logger class org.apache.velocity.runtime.log.SimpleLog4JLogSystem
2012-01-06 18:49:46,410 - Using logger class org.apache.velocity.runtime.log.SimpleLog4JLogSystem
2012-01-06 18:49:46,417 - Default ResourceManager initializing. (class org.apache.velocity.runtime.resource.ResourceManagerImpl)
2012-01-06 18:49:46,421 - Resource Loader Instantiated: org.apache.velocity.runtime.resource.loader.ClasspathResourceLoader
2012-01-06 18:49:46,421 - ClasspathResourceLoader : initialization starting.
2012-01-06 18:49:46,421 - ClasspathResourceLoader : initialization complete.
2012-01-06 18:49:46,424 - ResourceCache : initialized. (class org.apache.velocity.runtime.resource.ResourceCacheImpl)
2012-01-06 18:49:46,424 - Default ResourceManager initialization complete.
2012-01-06 18:49:46,427 - Loaded System Directive: org.apache.velocity.runtime.directive.Literal
2012-01-06 18:49:46,429 - Loaded System Directive: org.apache.velocity.runtime.directive.Macro
2012-01-06 18:49:46,441 - Loaded System Directive: org.apache.velocity.runtime.directive.Parse
2012-01-06 18:49:46,444 - Loaded System Directive: org.apache.velocity.runtime.directive.Include
2012-01-06 18:49:46,445 - Loaded System Directive: org.apache.velocity.runtime.directive.Foreach
2012-01-06 18:49:46,489 - Created: 20 parsers.
2012-01-06 18:49:46,500 - Velocimacro : initialization starting.
2012-01-06 18:49:46,500 - Velocimacro : adding VMs from VM library template : VM_global_library.vm
2012-01-06 18:49:46,506 - ResourceManager : unable to find resource 'VM_global_library.vm' in any resource loader.
2012-01-06 18:49:46,506 - Velocimacro : error using  VM library template VM_global_library.vm : org.apache.velocity.exception.ResourceNotFoundException: Unable to find resource 'VM_global_library.vm'
2012-01-06 18:49:46,506 - Velocimacro :  VM library template macro registration complete.
2012-01-06 18:49:46,506 - Velocimacro : allowInline = true : VMs can be defined inline in templates
2012-01-06 18:49:46,506 - Velocimacro : allowInlineToOverride = false : VMs defined inline may NOT replace previous VM definitions
2012-01-06 18:49:46,506 - Velocimacro : allowInlineLocal = false : VMs defined inline will be  global in scope if allowed.
2012-01-06 18:49:46,506 - Velocimacro : messages on  : VM system will output logging messages
2012-01-06 18:49:46,506 - Velocimacro : autoload off  : VM system will not automatically reload global library macros
2012-01-06 18:49:46,506 - Velocimacro : initialization complete.
2012-01-06 18:49:46,506 - Velocity successfully started.
2012-01-06 18:54:55,399 - SimpleLog4JLogSystem initialized using logfile 'velocity.log'
2012-01-06 18:54:55,399 - ************************************************************** 
2012-01-06 18:54:55,399 - Starting Jakarta Velocity v1.4
2012-01-06 18:54:55,399 - RuntimeInstance initializing.
2012-01-06 18:54:55,399 - Default Properties File: org/apache/velocity/runtime/defaults/velocity.properties
2012-01-06 18:54:55,399 - Trying to use logger class org.apache.velocity.runtime.log.SimpleLog4JLogSystem
2012-01-06 18:54:55,399 - Using logger class org.apache.velocity.runtime.log.SimpleLog4JLogSystem
2012-01-06 18:54:55,414 - Default ResourceManager initializing. (class org.apache.velocity.runtime.resource.ResourceManagerImpl)
2012-01-06 18:54:55,419 - Resource Loader Instantiated: org.apache.velocity.runtime.resource.loader.ClasspathResourceLoader
2012-01-06 18:54:55,420 - ClasspathResourceLoader : initialization starting.
2012-01-06 18:54:55,420 - ClasspathResourceLoader : initialization complete.
2012-01-06 18:54:55,423 - ResourceCache : initialized. (class org.apache.velocity.runtime.resource.ResourceCacheImpl)
2012-01-06 18:54:55,423 - Default ResourceManager initialization complete.
2012-01-06 18:54:55,426 - Loaded System Directive: org.apache.velocity.runtime.directive.Literal
2012-01-06 18:54:55,429 - Loaded System Directive: org.apache.velocity.runtime.directive.Macro
2012-01-06 18:54:55,434 - Loaded System Directive: org.apache.velocity.runtime.directive.Parse
2012-01-06 18:54:55,437 - Loaded System Directive: org.apache.velocity.runtime.directive.Include
2012-01-06 18:54:55,439 - Loaded System Directive: org.apache.velocity.runtime.directive.Foreach
2012-01-06 18:54:55,469 - Created: 20 parsers.
2012-01-06 18:54:55,480 - Velocimacro : initialization starting.
2012-01-06 18:54:55,481 - Velocimacro : adding VMs from VM library template : VM_global_library.vm
2012-01-06 18:54:55,486 - ResourceManager : unable to find resource 'VM_global_library.vm' in any resource loader.
2012-01-06 18:54:55,486 - Velocimacro : error using  VM library template VM_global_library.vm : org.apache.velocity.exception.ResourceNotFoundException: Unable to find resource 'VM_global_library.vm'
2012-01-06 18:54:55,486 - Velocimacro :  VM library template macro registration complete.
2012-01-06 18:54:55,486 - Velocimacro : allowInline = true : VMs can be defined inline in templates
2012-01-06 18:54:55,486 - Velocimacro : allowInlineToOverride = false : VMs defined inline may NOT replace previous VM definitions
2012-01-06 18:54:55,486 - Velocimacro : allowInlineLocal = false : VMs defined inline will be  global in scope if allowed.
2012-01-06 18:54:55,486 - Velocimacro : messages on  : VM system will output logging messages
2012-01-06 18:54:55,486 - Velocimacro : autoload off  : VM system will not automatically reload global library macros
2012-01-06 18:54:55,486 - Velocimacro : initialization complete.
2012-01-06 18:54:55,486 - Velocity successfully started.
2012-01-06 20:04:13,433 - SimpleLog4JLogSystem initialized using logfile 'velocity.log'
2012-01-06 20:04:13,461 - ************************************************************** 
2012-01-06 20:04:13,461 - Starting Jakarta Velocity v1.4
2012-01-06 20:04:13,462 - RuntimeInstance initializing.
2012-01-06 20:04:13,462 - Default Properties File: org/apache/velocity/runtime/defaults/velocity.properties
2012-01-06 20:04:13,462 - Trying to use logger class org.apache.velocity.runtime.log.SimpleLog4JLogSystem
2012-01-06 20:04:13,462 - Using logger class org.apache.velocity.runtime.log.SimpleLog4JLogSystem
2012-01-06 20:04:13,468 - Default ResourceManager initializing. (class org.apache.velocity.runtime.resource.ResourceManagerImpl)
2012-01-06 20:04:13,471 - Resource Loader Instantiated: org.apache.velocity.runtime.resource.loader.ClasspathResourceLoader
2012-01-06 20:04:13,472 - ClasspathResourceLoader : initialization starting.
2012-01-06 20:04:13,472 - ClasspathResourceLoader : initialization complete.
2012-01-06 20:04:13,474 - ResourceCache : initialized. (class org.apache.velocity.runtime.resource.ResourceCacheImpl)
2012-01-06 20:04:13,474 - Default ResourceManager initialization complete.
2012-01-06 20:04:13,476 - Loaded System Directive: org.apache.velocity.runtime.directive.Literal
2012-01-06 20:04:13,479 - Loaded System Directive: org.apache.velocity.runtime.directive.Macro
2012-01-06 20:04:13,484 - Loaded System Directive: org.apache.velocity.runtime.directive.Parse
2012-01-06 20:04:13,486 - Loaded System Directive: org.apache.velocity.runtime.directive.Include
2012-01-06 20:04:13,488 - Loaded System Directive: org.apache.velocity.runtime.directive.Foreach
2012-01-06 20:04:13,551 - Created: 20 parsers.
2012-01-06 20:04:13,562 - Velocimacro : initialization starting.
2012-01-06 20:04:13,562 - Velocimacro : adding VMs from VM library template : VM_global_library.vm
2012-01-06 20:04:13,568 - ResourceManager : unable to find resource 'VM_global_library.vm' in any resource loader.
2012-01-06 20:04:13,568 - Velocimacro : error using  VM library template VM_global_library.vm : org.apache.velocity.exception.ResourceNotFoundException: Unable to find resource 'VM_global_library.vm'
2012-01-06 20:04:13,568 - Velocimacro :  VM library template macro registration complete.
2012-01-06 20:04:13,568 - Velocimacro : allowInline = true : VMs can be defined inline in templates
2012-01-06 20:04:13,568 - Velocimacro : allowInlineToOverride = false : VMs defined inline may NOT replace previous VM definitions
2012-01-06 20:04:13,568 - Velocimacro : allowInlineLocal = false : VMs defined inline will be  global in scope if allowed.
2012-01-06 20:04:13,568 - Velocimacro : messages on  : VM system will output logging messages
2012-01-06 20:04:13,568 - Velocimacro : autoload off  : VM system will not automatically reload global library macros
2012-01-06 20:04:13,568 - Velocimacro : initialization complete.
2012-01-06 20:04:13,568 - Velocity successfully started.
2012-01-06 20:14:01,219 - SimpleLog4JLogSystem initialized using logfile 'velocity.log'
2012-01-06 20:14:01,251 - ************************************************************** 
2012-01-06 20:14:01,251 - Starting Jakarta Velocity v1.4
2012-01-06 20:14:01,251 - RuntimeInstance initializing.
2012-01-06 20:14:01,251 - Default Properties File: org/apache/velocity/runtime/defaults/velocity.properties
2012-01-06 20:14:01,251 - Trying to use logger class org.apache.velocity.runtime.log.SimpleLog4JLogSystem
2012-01-06 20:14:01,251 - Using logger class org.apache.velocity.runtime.log.SimpleLog4JLogSystem
2012-01-06 20:14:01,257 - Default ResourceManager initializing. (class org.apache.velocity.runtime.resource.ResourceManagerImpl)
2012-01-06 20:14:01,269 - Resource Loader Instantiated: org.apache.velocity.runtime.resource.loader.ClasspathResourceLoader
2012-01-06 20:14:01,269 - ClasspathResourceLoader : initialization starting.
2012-01-06 20:14:01,269 - ClasspathResourceLoader : initialization complete.
2012-01-06 20:14:01,271 - ResourceCache : initialized. (class org.apache.velocity.runtime.resource.ResourceCacheImpl)
2012-01-06 20:14:01,271 - Default ResourceManager initialization complete.
2012-01-06 20:14:01,274 - Loaded System Directive: org.apache.velocity.runtime.directive.Literal
2012-01-06 20:14:01,276 - Loaded System Directive: org.apache.velocity.runtime.directive.Macro
2012-01-06 20:14:01,280 - Loaded System Directive: org.apache.velocity.runtime.directive.Parse
2012-01-06 20:14:01,282 - Loaded System Directive: org.apache.velocity.runtime.directive.Include
2012-01-06 20:14:01,283 - Loaded System Directive: org.apache.velocity.runtime.directive.Foreach
2012-01-06 20:14:01,337 - Created: 20 parsers.
2012-01-06 20:14:01,386 - Velocimacro : initialization starting.
2012-01-06 20:14:01,386 - Velocimacro : adding VMs from VM library template : VM_global_library.vm
2012-01-06 20:14:01,391 - ResourceManager : unable to find resource 'VM_global_library.vm' in any resource loader.
2012-01-06 20:14:01,391 - Velocimacro : error using  VM library template VM_global_library.vm : org.apache.velocity.exception.ResourceNotFoundException: Unable to find resource 'VM_global_library.vm'
2012-01-06 20:14:01,391 - Velocimacro :  VM library template macro registration complete.
2012-01-06 20:14:01,392 - Velocimacro : allowInline = true : VMs can be defined inline in templates
2012-01-06 20:14:01,392 - Velocimacro : allowInlineToOverride = false : VMs defined inline may NOT replace previous VM definitions
2012-01-06 20:14:01,392 - Velocimacro : allowInlineLocal = false : VMs defined inline will be  global in scope if allowed.
2012-01-06 20:14:01,392 - Velocimacro : messages on  : VM system will output logging messages
2012-01-06 20:14:01,392 - Velocimacro : autoload off  : VM system will not automatically reload global library macros
2012-01-06 20:14:01,392 - Velocimacro : initialization complete.
2012-01-06 20:14:01,392 - Velocity successfully started.
2012-01-06 20:15:11,533 - SimpleLog4JLogSystem initialized using logfile 'velocity.log'
2012-01-06 20:15:11,533 - ************************************************************** 
2012-01-06 20:15:11,533 - Starting Jakarta Velocity v1.4
2012-01-06 20:15:11,533 - RuntimeInstance initializing.
2012-01-06 20:15:11,533 - Default Properties File: org/apache/velocity/runtime/defaults/velocity.properties
2012-01-06 20:15:11,533 - Trying to use logger class org.apache.velocity.runtime.log.SimpleLog4JLogSystem
2012-01-06 20:15:11,533 - Using logger class org.apache.velocity.runtime.log.SimpleLog4JLogSystem
2012-01-06 20:15:11,539 - Default ResourceManager initializing. (class org.apache.velocity.runtime.resource.ResourceManagerImpl)
2012-01-06 20:15:11,543 - Resource Loader Instantiated: org.apache.velocity.runtime.resource.loader.ClasspathResourceLoader
2012-01-06 20:15:11,543 - ClasspathResourceLoader : initialization starting.
2012-01-06 20:15:11,543 - ClasspathResourceLoader : initialization complete.
2012-01-06 20:15:11,550 - ResourceCache : initialized. (class org.apache.velocity.runtime.resource.ResourceCacheImpl)
2012-01-06 20:15:11,550 - Default ResourceManager initialization complete.
2012-01-06 20:15:11,552 - Loaded System Directive: org.apache.velocity.runtime.directive.Literal
2012-01-06 20:15:11,555 - Loaded System Directive: org.apache.velocity.runtime.directive.Macro
2012-01-06 20:15:11,558 - Loaded System Directive: org.apache.velocity.runtime.directive.Parse
2012-01-06 20:15:11,561 - Loaded System Directive: org.apache.velocity.runtime.directive.Include
2012-01-06 20:15:11,562 - Loaded System Directive: org.apache.velocity.runtime.directive.Foreach
2012-01-06 20:15:11,593 - Created: 20 parsers.
2012-01-06 20:15:11,605 - Velocimacro : initialization starting.
2012-01-06 20:15:11,605 - Velocimacro : adding VMs from VM library template : VM_global_library.vm
2012-01-06 20:15:11,611 - ResourceManager : unable to find resource 'VM_global_library.vm' in any resource loader.
2012-01-06 20:15:11,611 - Velocimacro : error using  VM library template VM_global_library.vm : org.apache.velocity.exception.ResourceNotFoundException: Unable to find resource 'VM_global_library.vm'
2012-01-06 20:15:11,611 - Velocimacro :  VM library template macro registration complete.
2012-01-06 20:15:11,611 - Velocimacro : allowInline = true : VMs can be defined inline in templates
2012-01-06 20:15:11,611 - Velocimacro : allowInlineToOverride = false : VMs defined inline may NOT replace previous VM definitions
2012-01-06 20:15:11,611 - Velocimacro : allowInlineLocal = false : VMs defined inline will be  global in scope if allowed.
2012-01-06 20:15:11,611 - Velocimacro : messages on  : VM system will output logging messages
2012-01-06 20:15:11,611 - Velocimacro : autoload off  : VM system will not automatically reload global library macros
2012-01-06 20:15:11,611 - Velocimacro : initialization complete.
2012-01-06 20:15:11,611 - Velocity successfully started.
2012-01-06 22:43:46,968 - SimpleLog4JLogSystem initialized using logfile 'velocity.log'
2012-01-06 22:43:46,991 - ************************************************************** 
2012-01-06 22:43:46,991 - Starting Jakarta Velocity v1.4
2012-01-06 22:43:46,991 - RuntimeInstance initializing.
2012-01-06 22:43:46,991 - Default Properties File: org/apache/velocity/runtime/defaults/velocity.properties
2012-01-06 22:43:46,991 - Trying to use logger class org.apache.velocity.runtime.log.SimpleLog4JLogSystem
2012-01-06 22:43:47,002 - Using logger class org.apache.velocity.runtime.log.SimpleLog4JLogSystem
2012-01-06 22:43:47,006 - Default ResourceManager initializing. (class org.apache.velocity.runtime.resource.ResourceManagerImpl)
2012-01-06 22:43:47,010 - Resource Loader Instantiated: org.apache.velocity.runtime.resource.loader.ClasspathResourceLoader
2012-01-06 22:43:47,010 - ClasspathResourceLoader : initialization starting.
2012-01-06 22:43:47,010 - ClasspathResourceLoader : initialization complete.
2012-01-06 22:43:47,013 - ResourceCache : initialized. (class org.apache.velocity.runtime.resource.ResourceCacheImpl)
2012-01-06 22:43:47,013 - Default ResourceManager initialization complete.
2012-01-06 22:43:47,016 - Loaded System Directive: org.apache.velocity.runtime.directive.Literal
2012-01-06 22:43:47,018 - Loaded System Directive: org.apache.velocity.runtime.directive.Macro
2012-01-06 22:43:47,022 - Loaded System Directive: org.apache.velocity.runtime.directive.Parse
2012-01-06 22:43:47,028 - Loaded System Directive: org.apache.velocity.runtime.directive.Include
2012-01-06 22:43:47,029 - Loaded System Directive: org.apache.velocity.runtime.directive.Foreach
2012-01-06 22:43:47,062 - Created: 20 parsers.
2012-01-06 22:43:47,074 - Velocimacro : initialization starting.
2012-01-06 22:43:47,074 - Velocimacro : adding VMs from VM library template : VM_global_library.vm
2012-01-06 22:43:47,080 - ResourceManager : unable to find resource 'VM_global_library.vm' in any resource loader.
2012-01-06 22:43:47,080 - Velocimacro : error using  VM library template VM_global_library.vm : org.apache.velocity.exception.ResourceNotFoundException: Unable to find resource 'VM_global_library.vm'
2012-01-06 22:43:47,080 - Velocimacro :  VM library template macro registration complete.
2012-01-06 22:43:47,080 - Velocimacro : allowInline = true : VMs can be defined inline in templates
2012-01-06 22:43:47,080 - Velocimacro : allowInlineToOverride = false : VMs defined inline may NOT replace previous VM definitions
2012-01-06 22:43:47,080 - Velocimacro : allowInlineLocal = false : VMs defined inline will be  global in scope if allowed.
2012-01-06 22:43:47,080 - Velocimacro : messages on  : VM system will output logging messages
2012-01-06 22:43:47,080 - Velocimacro : autoload off  : VM system will not automatically reload global library macros
2012-01-06 22:43:47,080 - Velocimacro : initialization complete.
2012-01-06 22:43:47,080 - Velocity successfully started.
2012-01-06 22:45:44,370 - SimpleLog4JLogSystem initialized using logfile 'velocity.log'
2012-01-06 22:45:44,370 - ************************************************************** 
2012-01-06 22:45:44,370 - Starting Jakarta Velocity v1.4
2012-01-06 22:45:44,370 - RuntimeInstance initializing.
2012-01-06 22:45:44,370 - Default Properties File: org/apache/velocity/runtime/defaults/velocity.properties
2012-01-06 22:45:44,370 - Trying to use logger class org.apache.velocity.runtime.log.SimpleLog4JLogSystem
2012-01-06 22:45:44,370 - Using logger class org.apache.velocity.runtime.log.SimpleLog4JLogSystem
2012-01-06 22:45:44,375 - Default ResourceManager initializing. (class org.apache.velocity.runtime.resource.ResourceManagerImpl)
2012-01-06 22:45:44,379 - Resource Loader Instantiated: org.apache.velocity.runtime.resource.loader.ClasspathResourceLoader
2012-01-06 22:45:44,379 - ClasspathResourceLoader : initialization starting.
2012-01-06 22:45:44,379 - ClasspathResourceLoader : initialization complete.
2012-01-06 22:45:44,381 - ResourceCache : initialized. (class org.apache.velocity.runtime.resource.ResourceCacheImpl)
2012-01-06 22:45:44,381 - Default ResourceManager initialization complete.
2012-01-06 22:45:44,384 - Loaded System Directive: org.apache.velocity.runtime.directive.Literal
2012-01-06 22:45:44,387 - Loaded System Directive: org.apache.velocity.runtime.directive.Macro
2012-01-06 22:45:44,392 - Loaded System Directive: org.apache.velocity.runtime.directive.Parse
2012-01-06 22:45:44,395 - Loaded System Directive: org.apache.velocity.runtime.directive.Include
2012-01-06 22:45:44,419 - Loaded System Directive: org.apache.velocity.runtime.directive.Foreach
2012-01-06 22:45:44,479 - Created: 20 parsers.
2012-01-06 22:45:44,493 - Velocimacro : initialization starting.
2012-01-06 22:45:44,494 - Velocimacro : adding VMs from VM library template : VM_global_library.vm
2012-01-06 22:45:44,500 - ResourceManager : unable to find resource 'VM_global_library.vm' in any resource loader.
2012-01-06 22:45:44,501 - Velocimacro : error using  VM library template VM_global_library.vm : org.apache.velocity.exception.ResourceNotFoundException: Unable to find resource 'VM_global_library.vm'
2012-01-06 22:45:44,501 - Velocimacro :  VM library template macro registration complete.
2012-01-06 22:45:44,501 - Velocimacro : allowInline = true : VMs can be defined inline in templates
2012-01-06 22:45:44,501 - Velocimacro : allowInlineToOverride = false : VMs defined inline may NOT replace previous VM definitions
2012-01-06 22:45:44,501 - Velocimacro : allowInlineLocal = false : VMs defined inline will be  global in scope if allowed.
2012-01-06 22:45:44,501 - Velocimacro : messages on  : VM system will output logging messages
2012-01-06 22:45:44,501 - Velocimacro : autoload off  : VM system will not automatically reload global library macros
2012-01-06 22:45:44,501 - Velocimacro : initialization complete.
2012-01-06 22:45:44,501 - Velocity successfully started.
2012-01-06 23:01:30,184 - SimpleLog4JLogSystem initialized using logfile 'velocity.log'
2012-01-06 23:01:30,184 - ************************************************************** 
2012-01-06 23:01:30,184 - Starting Jakarta Velocity v1.4
2012-01-06 23:01:30,184 - RuntimeInstance initializing.
2012-01-06 23:01:30,184 - Default Properties File: org/apache/velocity/runtime/defaults/velocity.properties
2012-01-06 23:01:30,184 - Trying to use logger class org.apache.velocity.runtime.log.SimpleLog4JLogSystem
2012-01-06 23:01:30,184 - Using logger class org.apache.velocity.runtime.log.SimpleLog4JLogSystem
2012-01-06 23:01:30,193 - Default ResourceManager initializing. (class org.apache.velocity.runtime.resource.ResourceManagerImpl)
2012-01-06 23:01:30,196 - Resource Loader Instantiated: org.apache.velocity.runtime.resource.loader.ClasspathResourceLoader
2012-01-06 23:01:30,196 - ClasspathResourceLoader : initialization starting.
2012-01-06 23:01:30,197 - ClasspathResourceLoader : initialization complete.
2012-01-06 23:01:30,199 - ResourceCache : initialized. (class org.apache.velocity.runtime.resource.ResourceCacheImpl)
2012-01-06 23:01:30,199 - Default ResourceManager initialization complete.
2012-01-06 23:01:30,201 - Loaded System Directive: org.apache.velocity.runtime.directive.Literal
2012-01-06 23:01:30,204 - Loaded System Directive: org.apache.velocity.runtime.directive.Macro
2012-01-06 23:01:30,208 - Loaded System Directive: org.apache.velocity.runtime.directive.Parse
2012-01-06 23:01:30,210 - Loaded System Directive: org.apache.velocity.runtime.directive.Include
2012-01-06 23:01:30,212 - Loaded System Directive: org.apache.velocity.runtime.directive.Foreach
2012-01-06 23:01:30,245 - Created: 20 parsers.
2012-01-06 23:01:30,256 - Velocimacro : initialization starting.
2012-01-06 23:01:30,257 - Velocimacro : adding VMs from VM library template : VM_global_library.vm
2012-01-06 23:01:30,263 - ResourceManager : unable to find resource 'VM_global_library.vm' in any resource loader.
2012-01-06 23:01:30,263 - Velocimacro : error using  VM library template VM_global_library.vm : org.apache.velocity.exception.ResourceNotFoundException: Unable to find resource 'VM_global_library.vm'
2012-01-06 23:01:30,263 - Velocimacro :  VM library template macro registration complete.
2012-01-06 23:01:30,263 - Velocimacro : allowInline = true : VMs can be defined inline in templates
2012-01-06 23:01:30,263 - Velocimacro : allowInlineToOverride = false : VMs defined inline may NOT replace previous VM definitions
2012-01-06 23:01:30,263 - Velocimacro : allowInlineLocal = false : VMs defined inline will be  global in scope if allowed.
2012-01-06 23:01:30,263 - Velocimacro : messages on  : VM system will output logging messages
2012-01-06 23:01:30,263 - Velocimacro : autoload off  : VM system will not automatically reload global library macros
2012-01-06 23:01:30,263 - Velocimacro : initialization complete.
2012-01-06 23:01:30,263 - Velocity successfully started.
2012-01-08 12:55:46,756 - SimpleLog4JLogSystem initialized using logfile 'velocity.log'
2012-01-08 12:55:46,785 - ************************************************************** 
2012-01-08 12:55:46,785 - Starting Jakarta Velocity v1.4
2012-01-08 12:55:46,785 - RuntimeInstance initializing.
2012-01-08 12:55:46,785 - Default Properties File: org/apache/velocity/runtime/defaults/velocity.properties
2012-01-08 12:55:46,785 - Trying to use logger class org.apache.velocity.runtime.log.SimpleLog4JLogSystem
2012-01-08 12:55:46,785 - Using logger class org.apache.velocity.runtime.log.SimpleLog4JLogSystem
2012-01-08 12:55:46,792 - Default ResourceManager initializing. (class org.apache.velocity.runtime.resource.ResourceManagerImpl)
2012-01-08 12:55:46,796 - Resource Loader Instantiated: org.apache.velocity.runtime.resource.loader.ClasspathResourceLoader
2012-01-08 12:55:46,796 - ClasspathResourceLoader : initialization starting.
2012-01-08 12:55:46,796 - ClasspathResourceLoader : initialization complete.
2012-01-08 12:55:46,799 - ResourceCache : initialized. (class org.apache.velocity.runtime.resource.ResourceCacheImpl)
2012-01-08 12:55:46,799 - Default ResourceManager initialization complete.
2012-01-08 12:55:46,806 - Loaded System Directive: org.apache.velocity.runtime.directive.Literal
2012-01-08 12:55:46,808 - Loaded System Directive: org.apache.velocity.runtime.directive.Macro
2012-01-08 12:55:46,812 - Loaded System Directive: org.apache.velocity.runtime.directive.Parse
2012-01-08 12:55:46,814 - Loaded System Directive: org.apache.velocity.runtime.directive.Include
2012-01-08 12:55:46,816 - Loaded System Directive: org.apache.velocity.runtime.directive.Foreach
2012-01-08 12:55:46,937 - Created: 20 parsers.
2012-01-08 12:55:46,949 - Velocimacro : initialization starting.
2012-01-08 12:55:46,949 - Velocimacro : adding VMs from VM library template : VM_global_library.vm
2012-01-08 12:55:46,955 - ResourceManager : unable to find resource 'VM_global_library.vm' in any resource loader.
2012-01-08 12:55:46,955 - Velocimacro : error using  VM library template VM_global_library.vm : org.apache.velocity.exception.ResourceNotFoundException: Unable to find resource 'VM_global_library.vm'
2012-01-08 12:55:46,955 - Velocimacro :  VM library template macro registration complete.
2012-01-08 12:55:46,955 - Velocimacro : allowInline = true : VMs can be defined inline in templates
2012-01-08 12:55:46,955 - Velocimacro : allowInlineToOverride = false : VMs defined inline may NOT replace previous VM definitions
2012-01-08 12:55:46,955 - Velocimacro : allowInlineLocal = false : VMs defined inline will be  global in scope if allowed.
2012-01-08 12:55:46,955 - Velocimacro : messages on  : VM system will output logging messages
2012-01-08 12:55:46,955 - Velocimacro : autoload off  : VM system will not automatically reload global library macros
2012-01-08 12:55:46,955 - Velocimacro : initialization complete.
2012-01-08 12:55:46,955 - Velocity successfully started.
2012-01-08 14:56:46,643 - SimpleLog4JLogSystem initialized using logfile 'velocity.log'
2012-01-08 14:56:46,644 - ************************************************************** 
2012-01-08 14:56:46,644 - Starting Jakarta Velocity v1.4
2012-01-08 14:56:46,644 - RuntimeInstance initializing.
2012-01-08 14:56:46,644 - Default Properties File: org/apache/velocity/runtime/defaults/velocity.properties
2012-01-08 14:56:46,644 - Trying to use logger class org.apache.velocity.runtime.log.SimpleLog4JLogSystem
2012-01-08 14:56:46,644 - Using logger class org.apache.velocity.runtime.log.SimpleLog4JLogSystem
2012-01-08 14:56:46,652 - Default ResourceManager initializing. (class org.apache.velocity.runtime.resource.ResourceManagerImpl)
2012-01-08 14:56:46,705 - Resource Loader Instantiated: org.apache.velocity.runtime.resource.loader.ClasspathResourceLoader
2012-01-08 14:56:46,735 - ClasspathResourceLoader : initialization starting.
2012-01-08 14:56:46,736 - ClasspathResourceLoader : initialization complete.
2012-01-08 14:56:46,738 - ResourceCache : initialized. (class org.apache.velocity.runtime.resource.ResourceCacheImpl)
2012-01-08 14:56:46,739 - Default ResourceManager initialization complete.
2012-01-08 14:56:46,742 - Loaded System Directive: org.apache.velocity.runtime.directive.Literal
2012-01-08 14:56:46,745 - Loaded System Directive: org.apache.velocity.runtime.directive.Macro
2012-01-08 14:56:46,749 - Loaded System Directive: org.apache.velocity.runtime.directive.Parse
2012-01-08 14:56:46,751 - Loaded System Directive: org.apache.velocity.runtime.directive.Include
2012-01-08 14:56:46,753 - Loaded System Directive: org.apache.velocity.runtime.directive.Foreach
2012-01-08 14:56:46,794 - Created: 20 parsers.
2012-01-08 14:56:46,805 - Velocimacro : initialization starting.
2012-01-08 14:56:46,805 - Velocimacro : adding VMs from VM library template : VM_global_library.vm
2012-01-08 14:56:46,811 - ResourceManager : unable to find resource 'VM_global_library.vm' in any resource loader.
2012-01-08 14:56:46,811 - Velocimacro : error using  VM library template VM_global_library.vm : org.apache.velocity.exception.ResourceNotFoundException: Unable to find resource 'VM_global_library.vm'
2012-01-08 14:56:46,811 - Velocimacro :  VM library template macro registration complete.
2012-01-08 14:56:46,811 - Velocimacro : allowInline = true : VMs can be defined inline in templates
2012-01-08 14:56:46,811 - Velocimacro : allowInlineToOverride = false : VMs defined inline may NOT replace previous VM definitions
2012-01-08 14:56:46,811 - Velocimacro : allowInlineLocal = false : VMs defined inline will be  global in scope if allowed.
2012-01-08 14:56:46,811 - Velocimacro : messages on  : VM system will output logging messages
2012-01-08 14:56:46,811 - Velocimacro : autoload off  : VM system will not automatically reload global library macros
2012-01-08 14:56:46,812 - Velocimacro : initialization complete.
2012-01-08 14:56:46,812 - Velocity successfully started.
2012-01-08 15:10:13,283 - SimpleLog4JLogSystem initialized using logfile 'velocity.log'
2012-01-08 15:10:13,306 - ************************************************************** 
2012-01-08 15:10:13,306 - Starting Jakarta Velocity v1.4
2012-01-08 15:10:13,306 - RuntimeInstance initializing.
2012-01-08 15:10:13,306 - Default Properties File: org/apache/velocity/runtime/defaults/velocity.properties
2012-01-08 15:10:13,306 - Trying to use logger class org.apache.velocity.runtime.log.SimpleLog4JLogSystem
2012-01-08 15:10:13,306 - Using logger class org.apache.velocity.runtime.log.SimpleLog4JLogSystem
2012-01-08 15:10:13,314 - Default ResourceManager initializing. (class org.apache.velocity.runtime.resource.ResourceManagerImpl)
2012-01-08 15:10:13,322 - Resource Loader Instantiated: org.apache.velocity.runtime.resource.loader.ClasspathResourceLoader
2012-01-08 15:10:13,322 - ClasspathResourceLoader : initialization starting.
2012-01-08 15:10:13,322 - ClasspathResourceLoader : initialization complete.
2012-01-08 15:10:13,326 - ResourceCache : initialized. (class org.apache.velocity.runtime.resource.ResourceCacheImpl)
2012-01-08 15:10:13,326 - Default ResourceManager initialization complete.
2012-01-08 15:10:13,329 - Loaded System Directive: org.apache.velocity.runtime.directive.Literal
2012-01-08 15:10:13,331 - Loaded System Directive: org.apache.velocity.runtime.directive.Macro
2012-01-08 15:10:13,335 - Loaded System Directive: org.apache.velocity.runtime.directive.Parse
2012-01-08 15:10:13,341 - Loaded System Directive: org.apache.velocity.runtime.directive.Include
2012-01-08 15:10:13,342 - Loaded System Directive: org.apache.velocity.runtime.directive.Foreach
2012-01-08 15:10:13,381 - Created: 20 parsers.
2012-01-08 15:10:13,394 - Velocimacro : initialization starting.
2012-01-08 15:10:13,394 - Velocimacro : adding VMs from VM library template : VM_global_library.vm
2012-01-08 15:10:13,512 - ResourceManager : unable to find resource 'VM_global_library.vm' in any resource loader.
2012-01-08 15:10:13,512 - Velocimacro : error using  VM library template VM_global_library.vm : org.apache.velocity.exception.ResourceNotFoundException: Unable to find resource 'VM_global_library.vm'
2012-01-08 15:10:13,512 - Velocimacro :  VM library template macro registration complete.
2012-01-08 15:10:13,512 - Velocimacro : allowInline = true : VMs can be defined inline in templates
2012-01-08 15:10:13,512 - Velocimacro : allowInlineToOverride = false : VMs defined inline may NOT replace previous VM definitions
2012-01-08 15:10:13,512 - Velocimacro : allowInlineLocal = false : VMs defined inline will be  global in scope if allowed.
2012-01-08 15:10:13,512 - Velocimacro : messages on  : VM system will output logging messages
2012-01-08 15:10:13,512 - Velocimacro : autoload off  : VM system will not automatically reload global library macros
2012-01-08 15:10:13,512 - Velocimacro : initialization complete.
2012-01-08 15:10:13,512 - Velocity successfully started.
2012-01-08 16:07:23,841 - SimpleLog4JLogSystem initialized using logfile 'velocity.log'
2012-01-08 16:07:23,863 - ************************************************************** 
2012-01-08 16:07:23,863 - Starting Jakarta Velocity v1.4
2012-01-08 16:07:23,863 - RuntimeInstance initializing.
2012-01-08 16:07:23,863 - Default Properties File: org/apache/velocity/runtime/defaults/velocity.properties
2012-01-08 16:07:23,863 - Trying to use logger class org.apache.velocity.runtime.log.SimpleLog4JLogSystem
2012-01-08 16:07:23,863 - Using logger class org.apache.velocity.runtime.log.SimpleLog4JLogSystem
2012-01-08 16:07:23,870 - Default ResourceManager initializing. (class org.apache.velocity.runtime.resource.ResourceManagerImpl)
2012-01-08 16:07:23,874 - Resource Loader Instantiated: org.apache.velocity.runtime.resource.loader.ClasspathResourceLoader
2012-01-08 16:07:23,874 - ClasspathResourceLoader : initialization starting.
2012-01-08 16:07:23,874 - ClasspathResourceLoader : initialization complete.
2012-01-08 16:07:23,876 - ResourceCache : initialized. (class org.apache.velocity.runtime.resource.ResourceCacheImpl)
2012-01-08 16:07:23,876 - Default ResourceManager initialization complete.
2012-01-08 16:07:23,879 - Loaded System Directive: org.apache.velocity.runtime.directive.Literal
2012-01-08 16:07:23,881 - Loaded System Directive: org.apache.velocity.runtime.directive.Macro
2012-01-08 16:07:23,885 - Loaded System Directive: org.apache.velocity.runtime.directive.Parse
2012-01-08 16:07:23,888 - Loaded System Directive: org.apache.velocity.runtime.directive.Include
2012-01-08 16:07:23,890 - Loaded System Directive: org.apache.velocity.runtime.directive.Foreach
2012-01-08 16:07:23,928 - Created: 20 parsers.
2012-01-08 16:07:23,940 - Velocimacro : initialization starting.
2012-01-08 16:07:23,940 - Velocimacro : adding VMs from VM library template : VM_global_library.vm
2012-01-08 16:07:23,946 - ResourceManager : unable to find resource 'VM_global_library.vm' in any resource loader.
2012-01-08 16:07:23,946 - Velocimacro : error using  VM library template VM_global_library.vm : org.apache.velocity.exception.ResourceNotFoundException: Unable to find resource 'VM_global_library.vm'
2012-01-08 16:07:23,946 - Velocimacro :  VM library template macro registration complete.
2012-01-08 16:07:23,946 - Velocimacro : allowInline = true : VMs can be defined inline in templates
2012-01-08 16:07:23,946 - Velocimacro : allowInlineToOverride = false : VMs defined inline may NOT replace previous VM definitions
2012-01-08 16:07:23,946 - Velocimacro : allowInlineLocal = false : VMs defined inline will be  global in scope if allowed.
2012-01-08 16:07:23,946 - Velocimacro : messages on  : VM system will output logging messages
2012-01-08 16:07:23,946 - Velocimacro : autoload off  : VM system will not automatically reload global library macros
2012-01-08 16:07:23,946 - Velocimacro : initialization complete.
2012-01-08 16:07:23,946 - Velocity successfully started.
2012-01-08 16:18:52,759 - SimpleLog4JLogSystem initialized using logfile 'velocity.log'
2012-01-08 16:18:52,782 - ************************************************************** 
2012-01-08 16:18:52,782 - Starting Jakarta Velocity v1.4
2012-01-08 16:18:52,782 - RuntimeInstance initializing.
2012-01-08 16:18:52,782 - Default Properties File: org/apache/velocity/runtime/defaults/velocity.properties
2012-01-08 16:18:52,783 - Trying to use logger class org.apache.velocity.runtime.log.SimpleLog4JLogSystem
2012-01-08 16:18:52,783 - Using logger class org.apache.velocity.runtime.log.SimpleLog4JLogSystem
2012-01-08 16:18:52,789 - Default ResourceManager initializing. (class org.apache.velocity.runtime.resource.ResourceManagerImpl)
2012-01-08 16:18:52,819 - Resource Loader Instantiated: org.apache.velocity.runtime.resource.loader.ClasspathResourceLoader
2012-01-08 16:18:52,819 - ClasspathResourceLoader : initialization starting.
2012-01-08 16:18:52,819 - ClasspathResourceLoader : initialization complete.
2012-01-08 16:18:52,821 - ResourceCache : initialized. (class org.apache.velocity.runtime.resource.ResourceCacheImpl)
2012-01-08 16:18:52,821 - Default ResourceManager initialization complete.
2012-01-08 16:18:52,824 - Loaded System Directive: org.apache.velocity.runtime.directive.Literal
2012-01-08 16:18:52,826 - Loaded System Directive: org.apache.velocity.runtime.directive.Macro
2012-01-08 16:18:52,831 - Loaded System Directive: org.apache.velocity.runtime.directive.Parse
2012-01-08 16:18:52,833 - Loaded System Directive: org.apache.velocity.runtime.directive.Include
2012-01-08 16:18:52,835 - Loaded System Directive: org.apache.velocity.runtime.directive.Foreach
2012-01-08 16:18:52,867 - Created: 20 parsers.
2012-01-08 16:18:52,948 - Velocimacro : initialization starting.
2012-01-08 16:18:52,949 - Velocimacro : adding VMs from VM library template : VM_global_library.vm
2012-01-08 16:18:53,008 - ResourceManager : unable to find resource 'VM_global_library.vm' in any resource loader.
2012-01-08 16:18:53,008 - Velocimacro : error using  VM library template VM_global_library.vm : org.apache.velocity.exception.ResourceNotFoundException: Unable to find resource 'VM_global_library.vm'
2012-01-08 16:18:53,008 - Velocimacro :  VM library template macro registration complete.
2012-01-08 16:18:53,008 - Velocimacro : allowInline = true : VMs can be defined inline in templates
2012-01-08 16:18:53,008 - Velocimacro : allowInlineToOverride = false : VMs defined inline may NOT replace previous VM definitions
2012-01-08 16:18:53,008 - Velocimacro : allowInlineLocal = false : VMs defined inline will be  global in scope if allowed.
2012-01-08 16:18:53,008 - Velocimacro : messages on  : VM system will output logging messages
2012-01-08 16:18:53,008 - Velocimacro : autoload off  : VM system will not automatically reload global library macros
2012-01-08 16:18:53,008 - Velocimacro : initialization complete.
2012-01-08 16:18:53,008 - Velocity successfully started.
2012-01-08 16:45:28,034 - SimpleLog4JLogSystem initialized using logfile 'velocity.log'
2012-01-08 16:45:28,088 - ************************************************************** 
2012-01-08 16:45:28,088 - Starting Jakarta Velocity v1.4
2012-01-08 16:45:28,088 - RuntimeInstance initializing.
2012-01-08 16:45:28,088 - Default Properties File: org/apache/velocity/runtime/defaults/velocity.properties
2012-01-08 16:45:28,088 - Trying to use logger class org.apache.velocity.runtime.log.SimpleLog4JLogSystem
2012-01-08 16:45:28,088 - Using logger class org.apache.velocity.runtime.log.SimpleLog4JLogSystem
2012-01-08 16:45:28,093 - Default ResourceManager initializing. (class org.apache.velocity.runtime.resource.ResourceManagerImpl)
2012-01-08 16:45:28,096 - Resource Loader Instantiated: org.apache.velocity.runtime.resource.loader.ClasspathResourceLoader
2012-01-08 16:45:28,096 - ClasspathResourceLoader : initialization starting.
2012-01-08 16:45:28,097 - ClasspathResourceLoader : initialization complete.
2012-01-08 16:45:28,099 - ResourceCache : initialized. (class org.apache.velocity.runtime.resource.ResourceCacheImpl)
2012-01-08 16:45:28,099 - Default ResourceManager initialization complete.
2012-01-08 16:45:28,101 - Loaded System Directive: org.apache.velocity.runtime.directive.Literal
2012-01-08 16:45:28,104 - Loaded System Directive: org.apache.velocity.runtime.directive.Macro
2012-01-08 16:45:28,108 - Loaded System Directive: org.apache.velocity.runtime.directive.Parse
2012-01-08 16:45:28,114 - Loaded System Directive: org.apache.velocity.runtime.directive.Include
2012-01-08 16:45:28,115 - Loaded System Directive: org.apache.velocity.runtime.directive.Foreach
2012-01-08 16:45:28,147 - Created: 20 parsers.
2012-01-08 16:45:28,159 - Velocimacro : initialization starting.
2012-01-08 16:45:28,159 - Velocimacro : adding VMs from VM library template : VM_global_library.vm
2012-01-08 16:45:28,166 - ResourceManager : unable to find resource 'VM_global_library.vm' in any resource loader.
2012-01-08 16:45:28,166 - Velocimacro : error using  VM library template VM_global_library.vm : org.apache.velocity.exception.ResourceNotFoundException: Unable to find resource 'VM_global_library.vm'
2012-01-08 16:45:28,166 - Velocimacro :  VM library template macro registration complete.
2012-01-08 16:45:28,166 - Velocimacro : allowInline = true : VMs can be defined inline in templates
2012-01-08 16:45:28,166 - Velocimacro : allowInlineToOverride = false : VMs defined inline may NOT replace previous VM definitions
2012-01-08 16:45:28,166 - Velocimacro : allowInlineLocal = false : VMs defined inline will be  global in scope if allowed.
2012-01-08 16:45:28,166 - Velocimacro : messages on  : VM system will output logging messages
2012-01-08 16:45:28,166 - Velocimacro : autoload off  : VM system will not automatically reload global library macros
2012-01-08 16:45:28,166 - Velocimacro : initialization complete.
2012-01-08 16:45:28,166 - Velocity successfully started.
2012-01-08 17:27:05,591 - SimpleLog4JLogSystem initialized using logfile 'velocity.log'
2012-01-08 17:27:05,602 - ************************************************************** 
2012-01-08 17:27:05,602 - Starting Jakarta Velocity v1.4
2012-01-08 17:27:05,602 - RuntimeInstance initializing.
2012-01-08 17:27:05,602 - Default Properties File: org/apache/velocity/runtime/defaults/velocity.properties
2012-01-08 17:27:05,602 - Trying to use logger class org.apache.velocity.runtime.log.SimpleLog4JLogSystem
2012-01-08 17:27:05,602 - Using logger class org.apache.velocity.runtime.log.SimpleLog4JLogSystem
2012-01-08 17:27:05,608 - Default ResourceManager initializing. (class org.apache.velocity.runtime.resource.ResourceManagerImpl)
2012-01-08 17:27:05,625 - Resource Loader Instantiated: org.apache.velocity.runtime.resource.loader.ClasspathResourceLoader
2012-01-08 17:27:05,625 - ClasspathResourceLoader : initialization starting.
2012-01-08 17:27:05,625 - ClasspathResourceLoader : initialization complete.
2012-01-08 17:27:05,628 - ResourceCache : initialized. (class org.apache.velocity.runtime.resource.ResourceCacheImpl)
2012-01-08 17:27:05,628 - Default ResourceManager initialization complete.
2012-01-08 17:27:05,631 - Loaded System Directive: org.apache.velocity.runtime.directive.Literal
2012-01-08 17:27:05,633 - Loaded System Directive: org.apache.velocity.runtime.directive.Macro
2012-01-08 17:27:05,637 - Loaded System Directive: org.apache.velocity.runtime.directive.Parse
2012-01-08 17:27:05,640 - Loaded System Directive: org.apache.velocity.runtime.directive.Include
2012-01-08 17:27:05,641 - Loaded System Directive: org.apache.velocity.runtime.directive.Foreach
2012-01-08 17:27:05,708 - Created: 20 parsers.
2012-01-08 17:27:05,730 - Velocimacro : initialization starting.
2012-01-08 17:27:05,730 - Velocimacro : adding VMs from VM library template : VM_global_library.vm
2012-01-08 17:27:05,736 - ResourceManager : unable to find resource 'VM_global_library.vm' in any resource loader.
2012-01-08 17:27:05,736 - Velocimacro : error using  VM library template VM_global_library.vm : org.apache.velocity.exception.ResourceNotFoundException: Unable to find resource 'VM_global_library.vm'
2012-01-08 17:27:05,736 - Velocimacro :  VM library template macro registration complete.
2012-01-08 17:27:05,736 - Velocimacro : allowInline = true : VMs can be defined inline in templates
2012-01-08 17:27:05,736 - Velocimacro : allowInlineToOverride = false : VMs defined inline may NOT replace previous VM definitions
2012-01-08 17:27:05,736 - Velocimacro : allowInlineLocal = false : VMs defined inline will be  global in scope if allowed.
2012-01-08 17:27:05,736 - Velocimacro : messages on  : VM system will output logging messages
2012-01-08 17:27:05,736 - Velocimacro : autoload off  : VM system will not automatically reload global library macros
2012-01-08 17:27:05,736 - Velocimacro : initialization complete.
2012-01-08 17:27:05,737 - Velocity successfully started.
2012-01-08 17:30:32,924 - ResourceManager : found repast/simphony/scenario/Scenario.vt with loader org.apache.velocity.runtime.resource.loader.ClasspathResourceLoader
2012-01-08 17:30:33,054 - ResourceManager : found repast/simphony/parameter/parameters.vt with loader org.apache.velocity.runtime.resource.loader.ClasspathResourceLoader
2012-01-08 17:30:35,420 - ResourceManager : found repast/simphony/scenario/Scenario.vt with loader org.apache.velocity.runtime.resource.loader.ClasspathResourceLoader
2012-01-08 17:30:35,424 - ResourceManager : found repast/simphony/parameter/parameters.vt with loader org.apache.velocity.runtime.resource.loader.ClasspathResourceLoader
2012-01-08 19:36:49,573 - SimpleLog4JLogSystem initialized using logfile 'velocity.log'
2012-01-08 19:36:49,593 - ************************************************************** 
2012-01-08 19:36:49,593 - Starting Jakarta Velocity v1.4
2012-01-08 19:36:49,593 - RuntimeInstance initializing.
2012-01-08 19:36:49,593 - Default Properties File: org/apache/velocity/runtime/defaults/velocity.properties
2012-01-08 19:36:49,593 - Trying to use logger class org.apache.velocity.runtime.log.SimpleLog4JLogSystem
2012-01-08 19:36:49,593 - Using logger class org.apache.velocity.runtime.log.SimpleLog4JLogSystem
2012-01-08 19:36:49,597 - Default ResourceManager initializing. (class org.apache.velocity.runtime.resource.ResourceManagerImpl)
2012-01-08 19:36:49,601 - Resource Loader Instantiated: org.apache.velocity.runtime.resource.loader.ClasspathResourceLoader
2012-01-08 19:36:49,601 - ClasspathResourceLoader : initialization starting.
2012-01-08 19:36:49,601 - ClasspathResourceLoader : initialization complete.
2012-01-08 19:36:49,604 - ResourceCache : initialized. (class org.apache.velocity.runtime.resource.ResourceCacheImpl)
2012-01-08 19:36:49,604 - Default ResourceManager initialization complete.
2012-01-08 19:36:49,606 - Loaded System Directive: org.apache.velocity.runtime.directive.Literal
2012-01-08 19:36:49,609 - Loaded System Directive: org.apache.velocity.runtime.directive.Macro
2012-01-08 19:36:49,613 - Loaded System Directive: org.apache.velocity.runtime.directive.Parse
2012-01-08 19:36:49,616 - Loaded System Directive: org.apache.velocity.runtime.directive.Include
2012-01-08 19:36:49,617 - Loaded System Directive: org.apache.velocity.runtime.directive.Foreach
2012-01-08 19:36:49,653 - Created: 20 parsers.
2012-01-08 19:36:49,773 - Velocimacro : initialization starting.
2012-01-08 19:36:49,773 - Velocimacro : adding VMs from VM library template : VM_global_library.vm
2012-01-08 19:36:49,779 - ResourceManager : unable to find resource 'VM_global_library.vm' in any resource loader.
2012-01-08 19:36:49,779 - Velocimacro : error using  VM library template VM_global_library.vm : org.apache.velocity.exception.ResourceNotFoundException: Unable to find resource 'VM_global_library.vm'
2012-01-08 19:36:49,779 - Velocimacro :  VM library template macro registration complete.
2012-01-08 19:36:49,779 - Velocimacro : allowInline = true : VMs can be defined inline in templates
2012-01-08 19:36:49,779 - Velocimacro : allowInlineToOverride = false : VMs defined inline may NOT replace previous VM definitions
2012-01-08 19:36:49,779 - Velocimacro : allowInlineLocal = false : VMs defined inline will be  global in scope if allowed.
2012-01-08 19:36:49,779 - Velocimacro : messages on  : VM system will output logging messages
2012-01-08 19:36:49,779 - Velocimacro : autoload off  : VM system will not automatically reload global library macros
2012-01-08 19:36:49,779 - Velocimacro : initialization complete.
2012-01-08 19:36:49,779 - Velocity successfully started.
